Terminals unused in grammar

    TK_STRING
    KW_TRUE
    KW_FALSE
    KW_IF
    KW_ELSE
    KW_ENDIF
    KW_FOR
    KW_IN
    KW_ENDFOR
    KW_WHILE
    KW_ENDWHILE
    KW_BREAK
    KW_CONTINUE
    KW_NOT
    KW_AND
    KW_OR
    KW_RETURN
    KW_OF
    OP_MOD
    OP_POWER
    ROP_EQUALS
    ROP_NOTEQUALS
    ROP_LESS
    ROP_LESSEQUALS
    ROP_GREATER
    ROP_GREATEREQUALS
    AOP_PLUSASSIGN
    AOP_MINASSIGN
    AOP_MULASSIGN
    AOP_DIVASSIGN
    AOP_MODASSIGN
    AOP_COLONASSIGN
    DEL_DOT


Grammar

    0 $accept: input $end

    1 input: ε
    2      | declarations main_func
    3      | main_func

    4 declarations: declarations declaration
    5             | declaration

    6 declaration: variable_declaration
    7            | comp
    8            | const
    9            | function

   10 main_func: KW_DEF KW_MAIN DEL_LPAR DEL_RPAR DEL_COLON func_body KW_ENDDEF DEL_SMCOLON

   11 func_body: ε
   12          | variable_declaration func_body

   13 variable_declaration: identifier DEL_COLON basic_data_type DEL_SMCOLON
   14                     | TK_IDENTIFIER DEL_LBRACKET TK_INTEGER DEL_RBRACKET DEL_COLON basic_data_type DEL_SMCOLON
   15                     | TK_IDENTIFIER DEL_LBRACKET DEL_RBRACKET DEL_COLON basic_data_type DEL_SMCOLON

   16 basic_data_type: KW_INT
   17                | KW_SCALAR
   18                | KW_STR
   19                | KW_BOOLEAN

   20 identifier: TK_IDENTIFIER
   21           | identifier DEL_COMMA TK_IDENTIFIER

   22 comp: KW_COMP TK_IDENTIFIER DEL_COLON comp_body KW_ENDCOMP DEL_SMCOLON

   23 comp_body: comp_field
   24          | comp_field comp_body

   25 comp_field: comp_identifiers DEL_COLON basic_data_type DEL_SMCOLON

   26 comp_identifiers: HASH TK_IDENTIFIER
   27                 | comp_identifiers DEL_COMMA HASH TK_IDENTIFIER

   28 const: KW_CONST identifier AOP_ASSIGN expr DEL_COLON basic_data_type DEL_SMCOLON

   29 expr: TK_INTEGER
   30     | TK_REAL
   31     | DEL_LPAR expr DEL_RPAR
   32     | expr OP_PLUS expr
   33     | expr OP_MINUS expr
   34     | expr OP_MULT expr
   35     | expr OP_DIV expr

   36 function: KW_DEF TK_IDENTIFIER DEL_LPAR parameters_declaration DEL_RPAR DEL_COLON func_body KW_ENDDEF DEL_SMCOLON
   37         | KW_DEF TK_IDENTIFIER DEL_LPAR parameters_declaration DEL_RPAR AOP_ARROW basic_data_type DEL_COLON func_body KW_ENDDEF DEL_SMCOLON

   38 parameters_declaration: ε
   39                       | TK_IDENTIFIER DEL_COLON basic_data_type
   40                       | TK_IDENTIFIER DEL_COLON basic_data_type DEL_COMMA parameters_declaration
   41                       | TK_IDENTIFIER DEL_LBRACKET DEL_RBRACKET DEL_COLON basic_data_type
   42                       | TK_IDENTIFIER DEL_LBRACKET DEL_RBRACKET DEL_COLON basic_data_type DEL_COMMA parameters_declaration


Terminals, with rules where they appear

    $end (0) 0
    error (256)
    TK_IDENTIFIER <str> (258) 14 15 20 21 22 26 27 36 37 39 40 41 42
    TK_INTEGER <str> (259) 14 29
    TK_REAL <str> (260) 30
    TK_STRING <str> (261)
    KW_INT (262) 16
    KW_SCALAR (263) 17
    KW_STR (264) 18
    KW_BOOLEAN (265) 19
    KW_TRUE (266)
    KW_FALSE (267)
    KW_CONST (268) 28
    KW_IF (269)
    KW_ELSE (270)
    KW_ENDIF (271)
    KW_FOR (272)
    KW_IN (273)
    KW_ENDFOR (274)
    KW_WHILE (275)
    KW_ENDWHILE (276)
    KW_BREAK (277)
    KW_CONTINUE (278)
    KW_NOT (279)
    KW_AND (280)
    KW_OR (281)
    KW_DEF (282) 10 36 37
    KW_ENDDEF (283) 10 36 37
    KW_MAIN (284) 10
    KW_RETURN (285)
    KW_COMP (286) 22
    KW_ENDCOMP (287) 22
    KW_OF (288)
    OP_PLUS (289) 32
    OP_MINUS (290) 33
    OP_MULT (291) 34
    OP_DIV (292) 35
    OP_MOD (293)
    OP_POWER (294)
    ROP_EQUALS (295)
    ROP_NOTEQUALS (296)
    ROP_LESS (297)
    ROP_LESSEQUALS (298)
    ROP_GREATER (299)
    ROP_GREATEREQUALS (300)
    AOP_ASSIGN (301) 28
    AOP_PLUSASSIGN (302)
    AOP_MINASSIGN (303)
    AOP_MULASSIGN (304)
    AOP_DIVASSIGN (305)
    AOP_MODASSIGN (306)
    AOP_COLONASSIGN (307)
    AOP_ARROW (308) 37
    DEL_SMCOLON (309) 10 13 14 15 22 25 28 36 37
    DEL_LPAR (310) 10 31 36 37
    DEL_RPAR (311) 10 31 36 37
    DEL_COMMA (312) 21 27 40 42
    DEL_LBRACKET (313) 14 15 41 42
    DEL_RBRACKET (314) 14 15 41 42
    DEL_COLON (315) 10 13 14 15 22 25 28 36 37 39 40 41 42
    DEL_DOT (316)
    HASH (317) 26 27


Nonterminals, with rules where they appear

    $accept (63)
        on left: 0
    input (64)
        on left: 1 2 3
        on right: 0
    declarations <str> (65)
        on left: 4 5
        on right: 2 4
    declaration <str> (66)
        on left: 6 7 8 9
        on right: 4 5
    main_func <str> (67)
        on left: 10
        on right: 2 3
    func_body <str> (68)
        on left: 11 12
        on right: 10 12 36 37
    variable_declaration <str> (69)
        on left: 13 14 15
        on right: 6 12
    basic_data_type <str> (70)
        on left: 16 17 18 19
        on right: 13 14 15 25 28 37 39 40 41 42
    identifier <str> (71)
        on left: 20 21
        on right: 13 21 28
    comp <str> (72)
        on left: 22
        on right: 7
    comp_body <str> (73)
        on left: 23 24
        on right: 22 24
    comp_field <str> (74)
        on left: 25
        on right: 23 24
    comp_identifiers <str> (75)
        on left: 26 27
        on right: 25 27
    const <str> (76)
        on left: 28
        on right: 8
    expr <str> (77)
        on left: 29 30 31 32 33 34 35
        on right: 28 31 32 33 34 35
    function <str> (78)
        on left: 36 37
        on right: 9
    parameters_declaration <str> (79)
        on left: 38 39 40 41 42
        on right: 36 37 40 42


State 0

    0 $accept: • input $end
    1 input: ε •  [$end]
    2      | • declarations main_func
    3      | • main_func
    4 declarations: • declarations declaration
    5             | • declaration
    6 declaration: • variable_declaration
    7            | • comp
    8            | • const
    9            | • function
   10 main_func: • KW_DEF KW_MAIN DEL_LPAR DEL_RPAR DEL_COLON func_body KW_ENDDEF DEL_SMCOLON
   13 variable_declaration: • identifier DEL_COLON basic_data_type DEL_SMCOLON
   14                     | • TK_IDENTIFIER DEL_LBRACKET TK_INTEGER DEL_RBRACKET DEL_COLON basic_data_type DEL_SMCOLON
   15                     | • TK_IDENTIFIER DEL_LBRACKET DEL_RBRACKET DEL_COLON basic_data_type DEL_SMCOLON
   20 identifier: • TK_IDENTIFIER
   21           | • identifier DEL_COMMA TK_IDENTIFIER
   22 comp: • KW_COMP TK_IDENTIFIER DEL_COLON comp_body KW_ENDCOMP DEL_SMCOLON
   28 const: • KW_CONST identifier AOP_ASSIGN expr DEL_COLON basic_data_type DEL_SMCOLON
   36 function: • KW_DEF TK_IDENTIFIER DEL_LPAR parameters_declaration DEL_RPAR DEL_COLON func_body KW_ENDDEF DEL_SMCOLON
   37         | • KW_DEF TK_IDENTIFIER DEL_LPAR parameters_declaration DEL_RPAR AOP_ARROW basic_data_type DEL_COLON func_body KW_ENDDEF DEL_SMCOLON

    TK_IDENTIFIER  shift, and go to state 1
    KW_CONST       shift, and go to state 2
    KW_DEF         shift, and go to state 3
    KW_COMP        shift, and go to state 4

    $default  reduce using rule 1 (input)

    input                 go to state 5
    declarations          go to state 6
    declaration           go to state 7
    main_func             go to state 8
    variable_declaration  go to state 9
    identifier            go to state 10
    comp                  go to state 11
    const                 go to state 12
    function              go to state 13


State 1

   14 variable_declaration: TK_IDENTIFIER • DEL_LBRACKET TK_INTEGER DEL_RBRACKET DEL_COLON basic_data_type DEL_SMCOLON
   15                     | TK_IDENTIFIER • DEL_LBRACKET DEL_RBRACKET DEL_COLON basic_data_type DEL_SMCOLON
   20 identifier: TK_IDENTIFIER •  [DEL_COMMA, DEL_COLON]

    DEL_LBRACKET  shift, and go to state 14

    $default  reduce using rule 20 (identifier)


State 2

   20 identifier: • TK_IDENTIFIER
   21           | • identifier DEL_COMMA TK_IDENTIFIER
   28 const: KW_CONST • identifier AOP_ASSIGN expr DEL_COLON basic_data_type DEL_SMCOLON

    TK_IDENTIFIER  shift, and go to state 15

    identifier  go to state 16


State 3

   10 main_func: KW_DEF • KW_MAIN DEL_LPAR DEL_RPAR DEL_COLON func_body KW_ENDDEF DEL_SMCOLON
   36 function: KW_DEF • TK_IDENTIFIER DEL_LPAR parameters_declaration DEL_RPAR DEL_COLON func_body KW_ENDDEF DEL_SMCOLON
   37         | KW_DEF • TK_IDENTIFIER DEL_LPAR parameters_declaration DEL_RPAR AOP_ARROW basic_data_type DEL_COLON func_body KW_ENDDEF DEL_SMCOLON

    TK_IDENTIFIER  shift, and go to state 17
    KW_MAIN        shift, and go to state 18


State 4

   22 comp: KW_COMP • TK_IDENTIFIER DEL_COLON comp_body KW_ENDCOMP DEL_SMCOLON

    TK_IDENTIFIER  shift, and go to state 19


State 5

    0 $accept: input • $end

    $end  shift, and go to state 20


State 6

    2 input: declarations • main_func
    4 declarations: declarations • declaration
    6 declaration: • variable_declaration
    7            | • comp
    8            | • const
    9            | • function
   10 main_func: • KW_DEF KW_MAIN DEL_LPAR DEL_RPAR DEL_COLON func_body KW_ENDDEF DEL_SMCOLON
   13 variable_declaration: • identifier DEL_COLON basic_data_type DEL_SMCOLON
   14                     | • TK_IDENTIFIER DEL_LBRACKET TK_INTEGER DEL_RBRACKET DEL_COLON basic_data_type DEL_SMCOLON
   15                     | • TK_IDENTIFIER DEL_LBRACKET DEL_RBRACKET DEL_COLON basic_data_type DEL_SMCOLON
   20 identifier: • TK_IDENTIFIER
   21           | • identifier DEL_COMMA TK_IDENTIFIER
   22 comp: • KW_COMP TK_IDENTIFIER DEL_COLON comp_body KW_ENDCOMP DEL_SMCOLON
   28 const: • KW_CONST identifier AOP_ASSIGN expr DEL_COLON basic_data_type DEL_SMCOLON
   36 function: • KW_DEF TK_IDENTIFIER DEL_LPAR parameters_declaration DEL_RPAR DEL_COLON func_body KW_ENDDEF DEL_SMCOLON
   37         | • KW_DEF TK_IDENTIFIER DEL_LPAR parameters_declaration DEL_RPAR AOP_ARROW basic_data_type DEL_COLON func_body KW_ENDDEF DEL_SMCOLON

    TK_IDENTIFIER  shift, and go to state 1
    KW_CONST       shift, and go to state 2
    KW_DEF         shift, and go to state 3
    KW_COMP        shift, and go to state 4

    declaration           go to state 21
    main_func             go to state 22
    variable_declaration  go to state 9
    identifier            go to state 10
    comp                  go to state 11
    const                 go to state 12
    function              go to state 13


State 7

    5 declarations: declaration •

    $default  reduce using rule 5 (declarations)


State 8

    3 input: main_func •

    $default  reduce using rule 3 (input)


State 9

    6 declaration: variable_declaration •

    $default  reduce using rule 6 (declaration)


State 10

   13 variable_declaration: identifier • DEL_COLON basic_data_type DEL_SMCOLON
   21 identifier: identifier • DEL_COMMA TK_IDENTIFIER

    DEL_COMMA  shift, and go to state 23
    DEL_COLON  shift, and go to state 24


State 11

    7 declaration: comp •

    $default  reduce using rule 7 (declaration)


State 12

    8 declaration: const •

    $default  reduce using rule 8 (declaration)


State 13

    9 declaration: function •

    $default  reduce using rule 9 (declaration)


State 14

   14 variable_declaration: TK_IDENTIFIER DEL_LBRACKET • TK_INTEGER DEL_RBRACKET DEL_COLON basic_data_type DEL_SMCOLON
   15                     | TK_IDENTIFIER DEL_LBRACKET • DEL_RBRACKET DEL_COLON basic_data_type DEL_SMCOLON

    TK_INTEGER    shift, and go to state 25
    DEL_RBRACKET  shift, and go to state 26


State 15

   20 identifier: TK_IDENTIFIER •

    $default  reduce using rule 20 (identifier)


State 16

   21 identifier: identifier • DEL_COMMA TK_IDENTIFIER
   28 const: KW_CONST identifier • AOP_ASSIGN expr DEL_COLON basic_data_type DEL_SMCOLON

    AOP_ASSIGN  shift, and go to state 27
    DEL_COMMA   shift, and go to state 23


State 17

   36 function: KW_DEF TK_IDENTIFIER • DEL_LPAR parameters_declaration DEL_RPAR DEL_COLON func_body KW_ENDDEF DEL_SMCOLON
   37         | KW_DEF TK_IDENTIFIER • DEL_LPAR parameters_declaration DEL_RPAR AOP_ARROW basic_data_type DEL_COLON func_body KW_ENDDEF DEL_SMCOLON

    DEL_LPAR  shift, and go to state 28


State 18

   10 main_func: KW_DEF KW_MAIN • DEL_LPAR DEL_RPAR DEL_COLON func_body KW_ENDDEF DEL_SMCOLON

    DEL_LPAR  shift, and go to state 29


State 19

   22 comp: KW_COMP TK_IDENTIFIER • DEL_COLON comp_body KW_ENDCOMP DEL_SMCOLON

    DEL_COLON  shift, and go to state 30


State 20

    0 $accept: input $end •

    $default  accept


State 21

    4 declarations: declarations declaration •

    $default  reduce using rule 4 (declarations)


State 22

    2 input: declarations main_func •

    $default  reduce using rule 2 (input)


State 23

   21 identifier: identifier DEL_COMMA • TK_IDENTIFIER

    TK_IDENTIFIER  shift, and go to state 31


State 24

   13 variable_declaration: identifier DEL_COLON • basic_data_type DEL_SMCOLON
   16 basic_data_type: • KW_INT
   17                | • KW_SCALAR
   18                | • KW_STR
   19                | • KW_BOOLEAN

    KW_INT      shift, and go to state 32
    KW_SCALAR   shift, and go to state 33
    KW_STR      shift, and go to state 34
    KW_BOOLEAN  shift, and go to state 35

    basic_data_type  go to state 36


State 25

   14 variable_declaration: TK_IDENTIFIER DEL_LBRACKET TK_INTEGER • DEL_RBRACKET DEL_COLON basic_data_type DEL_SMCOLON

    DEL_RBRACKET  shift, and go to state 37


State 26

   15 variable_declaration: TK_IDENTIFIER DEL_LBRACKET DEL_RBRACKET • DEL_COLON basic_data_type DEL_SMCOLON

    DEL_COLON  shift, and go to state 38


State 27

   28 const: KW_CONST identifier AOP_ASSIGN • expr DEL_COLON basic_data_type DEL_SMCOLON
   29 expr: • TK_INTEGER
   30     | • TK_REAL
   31     | • DEL_LPAR expr DEL_RPAR
   32     | • expr OP_PLUS expr
   33     | • expr OP_MINUS expr
   34     | • expr OP_MULT expr
   35     | • expr OP_DIV expr

    TK_INTEGER  shift, and go to state 39
    TK_REAL     shift, and go to state 40
    DEL_LPAR    shift, and go to state 41

    expr  go to state 42


State 28

   36 function: KW_DEF TK_IDENTIFIER DEL_LPAR • parameters_declaration DEL_RPAR DEL_COLON func_body KW_ENDDEF DEL_SMCOLON
   37         | KW_DEF TK_IDENTIFIER DEL_LPAR • parameters_declaration DEL_RPAR AOP_ARROW basic_data_type DEL_COLON func_body KW_ENDDEF DEL_SMCOLON
   38 parameters_declaration: ε •  [DEL_RPAR]
   39                       | • TK_IDENTIFIER DEL_COLON basic_data_type
   40                       | • TK_IDENTIFIER DEL_COLON basic_data_type DEL_COMMA parameters_declaration
   41                       | • TK_IDENTIFIER DEL_LBRACKET DEL_RBRACKET DEL_COLON basic_data_type
   42                       | • TK_IDENTIFIER DEL_LBRACKET DEL_RBRACKET DEL_COLON basic_data_type DEL_COMMA parameters_declaration

    TK_IDENTIFIER  shift, and go to state 43

    $default  reduce using rule 38 (parameters_declaration)

    parameters_declaration  go to state 44


State 29

   10 main_func: KW_DEF KW_MAIN DEL_LPAR • DEL_RPAR DEL_COLON func_body KW_ENDDEF DEL_SMCOLON

    DEL_RPAR  shift, and go to state 45


State 30

   22 comp: KW_COMP TK_IDENTIFIER DEL_COLON • comp_body KW_ENDCOMP DEL_SMCOLON
   23 comp_body: • comp_field
   24          | • comp_field comp_body
   25 comp_field: • comp_identifiers DEL_COLON basic_data_type DEL_SMCOLON
   26 comp_identifiers: • HASH TK_IDENTIFIER
   27                 | • comp_identifiers DEL_COMMA HASH TK_IDENTIFIER

    HASH  shift, and go to state 46

    comp_body         go to state 47
    comp_field        go to state 48
    comp_identifiers  go to state 49


State 31

   21 identifier: identifier DEL_COMMA TK_IDENTIFIER •

    $default  reduce using rule 21 (identifier)


State 32

   16 basic_data_type: KW_INT •

    $default  reduce using rule 16 (basic_data_type)


State 33

   17 basic_data_type: KW_SCALAR •

    $default  reduce using rule 17 (basic_data_type)


State 34

   18 basic_data_type: KW_STR •

    $default  reduce using rule 18 (basic_data_type)


State 35

   19 basic_data_type: KW_BOOLEAN •

    $default  reduce using rule 19 (basic_data_type)


State 36

   13 variable_declaration: identifier DEL_COLON basic_data_type • DEL_SMCOLON

    DEL_SMCOLON  shift, and go to state 50


State 37

   14 variable_declaration: TK_IDENTIFIER DEL_LBRACKET TK_INTEGER DEL_RBRACKET • DEL_COLON basic_data_type DEL_SMCOLON

    DEL_COLON  shift, and go to state 51


State 38

   15 variable_declaration: TK_IDENTIFIER DEL_LBRACKET DEL_RBRACKET DEL_COLON • basic_data_type DEL_SMCOLON
   16 basic_data_type: • KW_INT
   17                | • KW_SCALAR
   18                | • KW_STR
   19                | • KW_BOOLEAN

    KW_INT      shift, and go to state 32
    KW_SCALAR   shift, and go to state 33
    KW_STR      shift, and go to state 34
    KW_BOOLEAN  shift, and go to state 35

    basic_data_type  go to state 52


State 39

   29 expr: TK_INTEGER •

    $default  reduce using rule 29 (expr)


State 40

   30 expr: TK_REAL •

    $default  reduce using rule 30 (expr)


State 41

   29 expr: • TK_INTEGER
   30     | • TK_REAL
   31     | • DEL_LPAR expr DEL_RPAR
   31     | DEL_LPAR • expr DEL_RPAR
   32     | • expr OP_PLUS expr
   33     | • expr OP_MINUS expr
   34     | • expr OP_MULT expr
   35     | • expr OP_DIV expr

    TK_INTEGER  shift, and go to state 39
    TK_REAL     shift, and go to state 40
    DEL_LPAR    shift, and go to state 41

    expr  go to state 53


State 42

   28 const: KW_CONST identifier AOP_ASSIGN expr • DEL_COLON basic_data_type DEL_SMCOLON
   32 expr: expr • OP_PLUS expr
   33     | expr • OP_MINUS expr
   34     | expr • OP_MULT expr
   35     | expr • OP_DIV expr

    OP_PLUS    shift, and go to state 54
    OP_MINUS   shift, and go to state 55
    OP_MULT    shift, and go to state 56
    OP_DIV     shift, and go to state 57
    DEL_COLON  shift, and go to state 58


State 43

   39 parameters_declaration: TK_IDENTIFIER • DEL_COLON basic_data_type
   40                       | TK_IDENTIFIER • DEL_COLON basic_data_type DEL_COMMA parameters_declaration
   41                       | TK_IDENTIFIER • DEL_LBRACKET DEL_RBRACKET DEL_COLON basic_data_type
   42                       | TK_IDENTIFIER • DEL_LBRACKET DEL_RBRACKET DEL_COLON basic_data_type DEL_COMMA parameters_declaration

    DEL_LBRACKET  shift, and go to state 59
    DEL_COLON     shift, and go to state 60


State 44

   36 function: KW_DEF TK_IDENTIFIER DEL_LPAR parameters_declaration • DEL_RPAR DEL_COLON func_body KW_ENDDEF DEL_SMCOLON
   37         | KW_DEF TK_IDENTIFIER DEL_LPAR parameters_declaration • DEL_RPAR AOP_ARROW basic_data_type DEL_COLON func_body KW_ENDDEF DEL_SMCOLON

    DEL_RPAR  shift, and go to state 61


State 45

   10 main_func: KW_DEF KW_MAIN DEL_LPAR DEL_RPAR • DEL_COLON func_body KW_ENDDEF DEL_SMCOLON

    DEL_COLON  shift, and go to state 62


State 46

   26 comp_identifiers: HASH • TK_IDENTIFIER

    TK_IDENTIFIER  shift, and go to state 63


State 47

   22 comp: KW_COMP TK_IDENTIFIER DEL_COLON comp_body • KW_ENDCOMP DEL_SMCOLON

    KW_ENDCOMP  shift, and go to state 64


State 48

   23 comp_body: • comp_field
   23          | comp_field •  [KW_ENDCOMP]
   24          | • comp_field comp_body
   24          | comp_field • comp_body
   25 comp_field: • comp_identifiers DEL_COLON basic_data_type DEL_SMCOLON
   26 comp_identifiers: • HASH TK_IDENTIFIER
   27                 | • comp_identifiers DEL_COMMA HASH TK_IDENTIFIER

    HASH  shift, and go to state 46

    $default  reduce using rule 23 (comp_body)

    comp_body         go to state 65
    comp_field        go to state 48
    comp_identifiers  go to state 49


State 49

   25 comp_field: comp_identifiers • DEL_COLON basic_data_type DEL_SMCOLON
   27 comp_identifiers: comp_identifiers • DEL_COMMA HASH TK_IDENTIFIER

    DEL_COMMA  shift, and go to state 66
    DEL_COLON  shift, and go to state 67


State 50

   13 variable_declaration: identifier DEL_COLON basic_data_type DEL_SMCOLON •

    $default  reduce using rule 13 (variable_declaration)


State 51

   14 variable_declaration: TK_IDENTIFIER DEL_LBRACKET TK_INTEGER DEL_RBRACKET DEL_COLON • basic_data_type DEL_SMCOLON
   16 basic_data_type: • KW_INT
   17                | • KW_SCALAR
   18                | • KW_STR
   19                | • KW_BOOLEAN

    KW_INT      shift, and go to state 32
    KW_SCALAR   shift, and go to state 33
    KW_STR      shift, and go to state 34
    KW_BOOLEAN  shift, and go to state 35

    basic_data_type  go to state 68


State 52

   15 variable_declaration: TK_IDENTIFIER DEL_LBRACKET DEL_RBRACKET DEL_COLON basic_data_type • DEL_SMCOLON

    DEL_SMCOLON  shift, and go to state 69


State 53

   31 expr: DEL_LPAR expr • DEL_RPAR
   32     | expr • OP_PLUS expr
   33     | expr • OP_MINUS expr
   34     | expr • OP_MULT expr
   35     | expr • OP_DIV expr

    OP_PLUS   shift, and go to state 54
    OP_MINUS  shift, and go to state 55
    OP_MULT   shift, and go to state 56
    OP_DIV    shift, and go to state 57
    DEL_RPAR  shift, and go to state 70


State 54

   29 expr: • TK_INTEGER
   30     | • TK_REAL
   31     | • DEL_LPAR expr DEL_RPAR
   32     | • expr OP_PLUS expr
   32     | expr OP_PLUS • expr
   33     | • expr OP_MINUS expr
   34     | • expr OP_MULT expr
   35     | • expr OP_DIV expr

    TK_INTEGER  shift, and go to state 39
    TK_REAL     shift, and go to state 40
    DEL_LPAR    shift, and go to state 41

    expr  go to state 71


State 55

   29 expr: • TK_INTEGER
   30     | • TK_REAL
   31     | • DEL_LPAR expr DEL_RPAR
   32     | • expr OP_PLUS expr
   33     | • expr OP_MINUS expr
   33     | expr OP_MINUS • expr
   34     | • expr OP_MULT expr
   35     | • expr OP_DIV expr

    TK_INTEGER  shift, and go to state 39
    TK_REAL     shift, and go to state 40
    DEL_LPAR    shift, and go to state 41

    expr  go to state 72


State 56

   29 expr: • TK_INTEGER
   30     | • TK_REAL
   31     | • DEL_LPAR expr DEL_RPAR
   32     | • expr OP_PLUS expr
   33     | • expr OP_MINUS expr
   34     | • expr OP_MULT expr
   34     | expr OP_MULT • expr
   35     | • expr OP_DIV expr

    TK_INTEGER  shift, and go to state 39
    TK_REAL     shift, and go to state 40
    DEL_LPAR    shift, and go to state 41

    expr  go to state 73


State 57

   29 expr: • TK_INTEGER
   30     | • TK_REAL
   31     | • DEL_LPAR expr DEL_RPAR
   32     | • expr OP_PLUS expr
   33     | • expr OP_MINUS expr
   34     | • expr OP_MULT expr
   35     | • expr OP_DIV expr
   35     | expr OP_DIV • expr

    TK_INTEGER  shift, and go to state 39
    TK_REAL     shift, and go to state 40
    DEL_LPAR    shift, and go to state 41

    expr  go to state 74


State 58

   16 basic_data_type: • KW_INT
   17                | • KW_SCALAR
   18                | • KW_STR
   19                | • KW_BOOLEAN
   28 const: KW_CONST identifier AOP_ASSIGN expr DEL_COLON • basic_data_type DEL_SMCOLON

    KW_INT      shift, and go to state 32
    KW_SCALAR   shift, and go to state 33
    KW_STR      shift, and go to state 34
    KW_BOOLEAN  shift, and go to state 35

    basic_data_type  go to state 75


State 59

   41 parameters_declaration: TK_IDENTIFIER DEL_LBRACKET • DEL_RBRACKET DEL_COLON basic_data_type
   42                       | TK_IDENTIFIER DEL_LBRACKET • DEL_RBRACKET DEL_COLON basic_data_type DEL_COMMA parameters_declaration

    DEL_RBRACKET  shift, and go to state 76


State 60

   16 basic_data_type: • KW_INT
   17                | • KW_SCALAR
   18                | • KW_STR
   19                | • KW_BOOLEAN
   39 parameters_declaration: TK_IDENTIFIER DEL_COLON • basic_data_type
   40                       | TK_IDENTIFIER DEL_COLON • basic_data_type DEL_COMMA parameters_declaration

    KW_INT      shift, and go to state 32
    KW_SCALAR   shift, and go to state 33
    KW_STR      shift, and go to state 34
    KW_BOOLEAN  shift, and go to state 35

    basic_data_type  go to state 77


State 61

   36 function: KW_DEF TK_IDENTIFIER DEL_LPAR parameters_declaration DEL_RPAR • DEL_COLON func_body KW_ENDDEF DEL_SMCOLON
   37         | KW_DEF TK_IDENTIFIER DEL_LPAR parameters_declaration DEL_RPAR • AOP_ARROW basic_data_type DEL_COLON func_body KW_ENDDEF DEL_SMCOLON

    AOP_ARROW  shift, and go to state 78
    DEL_COLON  shift, and go to state 79


State 62

   10 main_func: KW_DEF KW_MAIN DEL_LPAR DEL_RPAR DEL_COLON • func_body KW_ENDDEF DEL_SMCOLON
   11 func_body: ε •  [KW_ENDDEF]
   12          | • variable_declaration func_body
   13 variable_declaration: • identifier DEL_COLON basic_data_type DEL_SMCOLON
   14                     | • TK_IDENTIFIER DEL_LBRACKET TK_INTEGER DEL_RBRACKET DEL_COLON basic_data_type DEL_SMCOLON
   15                     | • TK_IDENTIFIER DEL_LBRACKET DEL_RBRACKET DEL_COLON basic_data_type DEL_SMCOLON
   20 identifier: • TK_IDENTIFIER
   21           | • identifier DEL_COMMA TK_IDENTIFIER

    TK_IDENTIFIER  shift, and go to state 1

    $default  reduce using rule 11 (func_body)

    func_body             go to state 80
    variable_declaration  go to state 81
    identifier            go to state 10


State 63

   26 comp_identifiers: HASH TK_IDENTIFIER •

    $default  reduce using rule 26 (comp_identifiers)


State 64

   22 comp: KW_COMP TK_IDENTIFIER DEL_COLON comp_body KW_ENDCOMP • DEL_SMCOLON

    DEL_SMCOLON  shift, and go to state 82


State 65

   24 comp_body: comp_field comp_body •

    $default  reduce using rule 24 (comp_body)


State 66

   27 comp_identifiers: comp_identifiers DEL_COMMA • HASH TK_IDENTIFIER

    HASH  shift, and go to state 83


State 67

   16 basic_data_type: • KW_INT
   17                | • KW_SCALAR
   18                | • KW_STR
   19                | • KW_BOOLEAN
   25 comp_field: comp_identifiers DEL_COLON • basic_data_type DEL_SMCOLON

    KW_INT      shift, and go to state 32
    KW_SCALAR   shift, and go to state 33
    KW_STR      shift, and go to state 34
    KW_BOOLEAN  shift, and go to state 35

    basic_data_type  go to state 84


State 68

   14 variable_declaration: TK_IDENTIFIER DEL_LBRACKET TK_INTEGER DEL_RBRACKET DEL_COLON basic_data_type • DEL_SMCOLON

    DEL_SMCOLON  shift, and go to state 85


State 69

   15 variable_declaration: TK_IDENTIFIER DEL_LBRACKET DEL_RBRACKET DEL_COLON basic_data_type DEL_SMCOLON •

    $default  reduce using rule 15 (variable_declaration)


State 70

   31 expr: DEL_LPAR expr DEL_RPAR •

    $default  reduce using rule 31 (expr)


State 71

   32 expr: expr • OP_PLUS expr
   32     | expr OP_PLUS expr •  [OP_PLUS, OP_MINUS, DEL_RPAR, DEL_COLON]
   33     | expr • OP_MINUS expr
   34     | expr • OP_MULT expr
   35     | expr • OP_DIV expr

    OP_MULT  shift, and go to state 56
    OP_DIV   shift, and go to state 57

    $default  reduce using rule 32 (expr)

    Conflict between rule 32 and token OP_PLUS resolved as reduce (%left OP_PLUS).
    Conflict between rule 32 and token OP_MINUS resolved as reduce (%left OP_MINUS).
    Conflict between rule 32 and token OP_MULT resolved as shift (OP_PLUS < OP_MULT).
    Conflict between rule 32 and token OP_DIV resolved as shift (OP_PLUS < OP_DIV).


State 72

   32 expr: expr • OP_PLUS expr
   33     | expr • OP_MINUS expr
   33     | expr OP_MINUS expr •  [OP_PLUS, OP_MINUS, DEL_RPAR, DEL_COLON]
   34     | expr • OP_MULT expr
   35     | expr • OP_DIV expr

    OP_MULT  shift, and go to state 56
    OP_DIV   shift, and go to state 57

    $default  reduce using rule 33 (expr)

    Conflict between rule 33 and token OP_PLUS resolved as reduce (%left OP_PLUS).
    Conflict between rule 33 and token OP_MINUS resolved as reduce (%left OP_MINUS).
    Conflict between rule 33 and token OP_MULT resolved as shift (OP_MINUS < OP_MULT).
    Conflict between rule 33 and token OP_DIV resolved as shift (OP_MINUS < OP_DIV).


State 73

   32 expr: expr • OP_PLUS expr
   33     | expr • OP_MINUS expr
   34     | expr • OP_MULT expr
   34     | expr OP_MULT expr •  [OP_PLUS, OP_MINUS, OP_MULT, OP_DIV, DEL_RPAR, DEL_COLON]
   35     | expr • OP_DIV expr

    $default  reduce using rule 34 (expr)

    Conflict between rule 34 and token OP_PLUS resolved as reduce (OP_PLUS < OP_MULT).
    Conflict between rule 34 and token OP_MINUS resolved as reduce (OP_MINUS < OP_MULT).
    Conflict between rule 34 and token OP_MULT resolved as reduce (%left OP_MULT).
    Conflict between rule 34 and token OP_DIV resolved as reduce (%left OP_DIV).


State 74

   32 expr: expr • OP_PLUS expr
   33     | expr • OP_MINUS expr
   34     | expr • OP_MULT expr
   35     | expr • OP_DIV expr
   35     | expr OP_DIV expr •  [OP_PLUS, OP_MINUS, OP_MULT, OP_DIV, DEL_RPAR, DEL_COLON]

    $default  reduce using rule 35 (expr)

    Conflict between rule 35 and token OP_PLUS resolved as reduce (OP_PLUS < OP_DIV).
    Conflict between rule 35 and token OP_MINUS resolved as reduce (OP_MINUS < OP_DIV).
    Conflict between rule 35 and token OP_MULT resolved as reduce (%left OP_MULT).
    Conflict between rule 35 and token OP_DIV resolved as reduce (%left OP_DIV).


State 75

   28 const: KW_CONST identifier AOP_ASSIGN expr DEL_COLON basic_data_type • DEL_SMCOLON

    DEL_SMCOLON  shift, and go to state 86


State 76

   41 parameters_declaration: TK_IDENTIFIER DEL_LBRACKET DEL_RBRACKET • DEL_COLON basic_data_type
   42                       | TK_IDENTIFIER DEL_LBRACKET DEL_RBRACKET • DEL_COLON basic_data_type DEL_COMMA parameters_declaration

    DEL_COLON  shift, and go to state 87


State 77

   39 parameters_declaration: TK_IDENTIFIER DEL_COLON basic_data_type •  [DEL_RPAR]
   40                       | TK_IDENTIFIER DEL_COLON basic_data_type • DEL_COMMA parameters_declaration

    DEL_COMMA  shift, and go to state 88

    $default  reduce using rule 39 (parameters_declaration)


State 78

   16 basic_data_type: • KW_INT
   17                | • KW_SCALAR
   18                | • KW_STR
   19                | • KW_BOOLEAN
   37 function: KW_DEF TK_IDENTIFIER DEL_LPAR parameters_declaration DEL_RPAR AOP_ARROW • basic_data_type DEL_COLON func_body KW_ENDDEF DEL_SMCOLON

    KW_INT      shift, and go to state 32
    KW_SCALAR   shift, and go to state 33
    KW_STR      shift, and go to state 34
    KW_BOOLEAN  shift, and go to state 35

    basic_data_type  go to state 89


State 79

   11 func_body: ε •  [KW_ENDDEF]
   12          | • variable_declaration func_body
   13 variable_declaration: • identifier DEL_COLON basic_data_type DEL_SMCOLON
   14                     | • TK_IDENTIFIER DEL_LBRACKET TK_INTEGER DEL_RBRACKET DEL_COLON basic_data_type DEL_SMCOLON
   15                     | • TK_IDENTIFIER DEL_LBRACKET DEL_RBRACKET DEL_COLON basic_data_type DEL_SMCOLON
   20 identifier: • TK_IDENTIFIER
   21           | • identifier DEL_COMMA TK_IDENTIFIER
   36 function: KW_DEF TK_IDENTIFIER DEL_LPAR parameters_declaration DEL_RPAR DEL_COLON • func_body KW_ENDDEF DEL_SMCOLON

    TK_IDENTIFIER  shift, and go to state 1

    $default  reduce using rule 11 (func_body)

    func_body             go to state 90
    variable_declaration  go to state 81
    identifier            go to state 10


State 80

   10 main_func: KW_DEF KW_MAIN DEL_LPAR DEL_RPAR DEL_COLON func_body • KW_ENDDEF DEL_SMCOLON

    KW_ENDDEF  shift, and go to state 91


State 81

   11 func_body: ε •  [KW_ENDDEF]
   12          | • variable_declaration func_body
   12          | variable_declaration • func_body
   13 variable_declaration: • identifier DEL_COLON basic_data_type DEL_SMCOLON
   14                     | • TK_IDENTIFIER DEL_LBRACKET TK_INTEGER DEL_RBRACKET DEL_COLON basic_data_type DEL_SMCOLON
   15                     | • TK_IDENTIFIER DEL_LBRACKET DEL_RBRACKET DEL_COLON basic_data_type DEL_SMCOLON
   20 identifier: • TK_IDENTIFIER
   21           | • identifier DEL_COMMA TK_IDENTIFIER

    TK_IDENTIFIER  shift, and go to state 1

    $default  reduce using rule 11 (func_body)

    func_body             go to state 92
    variable_declaration  go to state 81
    identifier            go to state 10


State 82

   22 comp: KW_COMP TK_IDENTIFIER DEL_COLON comp_body KW_ENDCOMP DEL_SMCOLON •

    $default  reduce using rule 22 (comp)


State 83

   27 comp_identifiers: comp_identifiers DEL_COMMA HASH • TK_IDENTIFIER

    TK_IDENTIFIER  shift, and go to state 93


State 84

   25 comp_field: comp_identifiers DEL_COLON basic_data_type • DEL_SMCOLON

    DEL_SMCOLON  shift, and go to state 94


State 85

   14 variable_declaration: TK_IDENTIFIER DEL_LBRACKET TK_INTEGER DEL_RBRACKET DEL_COLON basic_data_type DEL_SMCOLON •

    $default  reduce using rule 14 (variable_declaration)


State 86

   28 const: KW_CONST identifier AOP_ASSIGN expr DEL_COLON basic_data_type DEL_SMCOLON •

    $default  reduce using rule 28 (const)


State 87

   16 basic_data_type: • KW_INT
   17                | • KW_SCALAR
   18                | • KW_STR
   19                | • KW_BOOLEAN
   41 parameters_declaration: TK_IDENTIFIER DEL_LBRACKET DEL_RBRACKET DEL_COLON • basic_data_type
   42                       | TK_IDENTIFIER DEL_LBRACKET DEL_RBRACKET DEL_COLON • basic_data_type DEL_COMMA parameters_declaration

    KW_INT      shift, and go to state 32
    KW_SCALAR   shift, and go to state 33
    KW_STR      shift, and go to state 34
    KW_BOOLEAN  shift, and go to state 35

    basic_data_type  go to state 95


State 88

   38 parameters_declaration: ε •  [DEL_RPAR]
   39                       | • TK_IDENTIFIER DEL_COLON basic_data_type
   40                       | • TK_IDENTIFIER DEL_COLON basic_data_type DEL_COMMA parameters_declaration
   40                       | TK_IDENTIFIER DEL_COLON basic_data_type DEL_COMMA • parameters_declaration
   41                       | • TK_IDENTIFIER DEL_LBRACKET DEL_RBRACKET DEL_COLON basic_data_type
   42                       | • TK_IDENTIFIER DEL_LBRACKET DEL_RBRACKET DEL_COLON basic_data_type DEL_COMMA parameters_declaration

    TK_IDENTIFIER  shift, and go to state 43

    $default  reduce using rule 38 (parameters_declaration)

    parameters_declaration  go to state 96


State 89

   37 function: KW_DEF TK_IDENTIFIER DEL_LPAR parameters_declaration DEL_RPAR AOP_ARROW basic_data_type • DEL_COLON func_body KW_ENDDEF DEL_SMCOLON

    DEL_COLON  shift, and go to state 97


State 90

   36 function: KW_DEF TK_IDENTIFIER DEL_LPAR parameters_declaration DEL_RPAR DEL_COLON func_body • KW_ENDDEF DEL_SMCOLON

    KW_ENDDEF  shift, and go to state 98


State 91

   10 main_func: KW_DEF KW_MAIN DEL_LPAR DEL_RPAR DEL_COLON func_body KW_ENDDEF • DEL_SMCOLON

    DEL_SMCOLON  shift, and go to state 99


State 92

   12 func_body: variable_declaration func_body •

    $default  reduce using rule 12 (func_body)


State 93

   27 comp_identifiers: comp_identifiers DEL_COMMA HASH TK_IDENTIFIER •

    $default  reduce using rule 27 (comp_identifiers)


State 94

   25 comp_field: comp_identifiers DEL_COLON basic_data_type DEL_SMCOLON •

    $default  reduce using rule 25 (comp_field)


State 95

   41 parameters_declaration: TK_IDENTIFIER DEL_LBRACKET DEL_RBRACKET DEL_COLON basic_data_type •  [DEL_RPAR]
   42                       | TK_IDENTIFIER DEL_LBRACKET DEL_RBRACKET DEL_COLON basic_data_type • DEL_COMMA parameters_declaration

    DEL_COMMA  shift, and go to state 100

    $default  reduce using rule 41 (parameters_declaration)


State 96

   40 parameters_declaration: TK_IDENTIFIER DEL_COLON basic_data_type DEL_COMMA parameters_declaration •

    $default  reduce using rule 40 (parameters_declaration)


State 97

   11 func_body: ε •  [KW_ENDDEF]
   12          | • variable_declaration func_body
   13 variable_declaration: • identifier DEL_COLON basic_data_type DEL_SMCOLON
   14                     | • TK_IDENTIFIER DEL_LBRACKET TK_INTEGER DEL_RBRACKET DEL_COLON basic_data_type DEL_SMCOLON
   15                     | • TK_IDENTIFIER DEL_LBRACKET DEL_RBRACKET DEL_COLON basic_data_type DEL_SMCOLON
   20 identifier: • TK_IDENTIFIER
   21           | • identifier DEL_COMMA TK_IDENTIFIER
   37 function: KW_DEF TK_IDENTIFIER DEL_LPAR parameters_declaration DEL_RPAR AOP_ARROW basic_data_type DEL_COLON • func_body KW_ENDDEF DEL_SMCOLON

    TK_IDENTIFIER  shift, and go to state 1

    $default  reduce using rule 11 (func_body)

    func_body             go to state 101
    variable_declaration  go to state 81
    identifier            go to state 10


State 98

   36 function: KW_DEF TK_IDENTIFIER DEL_LPAR parameters_declaration DEL_RPAR DEL_COLON func_body KW_ENDDEF • DEL_SMCOLON

    DEL_SMCOLON  shift, and go to state 102


State 99

   10 main_func: KW_DEF KW_MAIN DEL_LPAR DEL_RPAR DEL_COLON func_body KW_ENDDEF DEL_SMCOLON •

    $default  reduce using rule 10 (main_func)


State 100

   38 parameters_declaration: ε •  [DEL_RPAR]
   39                       | • TK_IDENTIFIER DEL_COLON basic_data_type
   40                       | • TK_IDENTIFIER DEL_COLON basic_data_type DEL_COMMA parameters_declaration
   41                       | • TK_IDENTIFIER DEL_LBRACKET DEL_RBRACKET DEL_COLON basic_data_type
   42                       | • TK_IDENTIFIER DEL_LBRACKET DEL_RBRACKET DEL_COLON basic_data_type DEL_COMMA parameters_declaration
   42                       | TK_IDENTIFIER DEL_LBRACKET DEL_RBRACKET DEL_COLON basic_data_type DEL_COMMA • parameters_declaration

    TK_IDENTIFIER  shift, and go to state 43

    $default  reduce using rule 38 (parameters_declaration)

    parameters_declaration  go to state 103


State 101

   37 function: KW_DEF TK_IDENTIFIER DEL_LPAR parameters_declaration DEL_RPAR AOP_ARROW basic_data_type DEL_COLON func_body • KW_ENDDEF DEL_SMCOLON

    KW_ENDDEF  shift, and go to state 104


State 102

   36 function: KW_DEF TK_IDENTIFIER DEL_LPAR parameters_declaration DEL_RPAR DEL_COLON func_body KW_ENDDEF DEL_SMCOLON •

    $default  reduce using rule 36 (function)


State 103

   42 parameters_declaration: TK_IDENTIFIER DEL_LBRACKET DEL_RBRACKET DEL_COLON basic_data_type DEL_COMMA parameters_declaration •

    $default  reduce using rule 42 (parameters_declaration)


State 104

   37 function: KW_DEF TK_IDENTIFIER DEL_LPAR parameters_declaration DEL_RPAR AOP_ARROW basic_data_type DEL_COLON func_body KW_ENDDEF • DEL_SMCOLON

    DEL_SMCOLON  shift, and go to state 105


State 105

   37 function: KW_DEF TK_IDENTIFIER DEL_LPAR parameters_declaration DEL_RPAR AOP_ARROW basic_data_type DEL_COLON func_body KW_ENDDEF DEL_SMCOLON •

    $default  reduce using rule 37 (function)
